<?xml version="1.0" encoding="UTF-8"?><testsuite errors="5" failures="0" name="As a IMDb user" skipped="0" tests="15" time="2908.26" timestamp="2018-01-22 08:42:13"><testcase name="Validate search functionality on IMDB homepage"><error message="unknown error: Element &lt;button id=&quot;navbar-submit-button&quot; class=&quot;primary btn&quot; type=&quot;submit&quot;&gt;...&lt;/button&gt; is not clickable at point (789, 38). Other element would receive the click: &lt;div class=&quot;video-player__header-internal&quot; data-reactid=&quot;.1.1.0.0.0.0.0.$=1$header.0&quot;&gt;...&lt;/div&gt;&#10;  (Session info: chrome=63.0.3239.132)&#10;  (Driver info: chromedriver=2.33.506106 (8a06c39c4582fbfbab6966dbb1c38a9173bfb1a2),platform=Mac OS X 10.13.2 x86_64) (WARNING: The server did not provide any stacktrace information)&#10;Command duration or timeout: 25 milliseconds&#10;Build info: version: '2.46.0', revision: '61506a4624b13675f24581e453592342b7485d71', time: '2015-06-04 10:22:50'&#10;System info: host: 'inarpits.local', ip: '192.168.1.2', os.name: 'Mac OS X', os.arch: 'x86_64', os.version: '10.13.2', java.version: '1.8.0_131'&#10;Driver info: org.openqa.selenium.chrome.ChromeDriver&#10;Capabilities [{applicationCacheEnabled=false, rotatable=false, mobileEmulationEnabled=false, networkConnectionEnabled=false, chrome={chromedriverVersion=2.33.506106 (8a06c39c4582fbfbab6966dbb1c38a9173bfb1a2), userDataDir=/var/folders/gx/h7w3x5k10f3bd79nq3mxtpsh0000gp/T/.org.chromium.Chromium.VG7lY1}, takesHeapSnapshot=true, pageLoadStrategy=normal, databaseEnabled=false, handlesAlerts=true, hasTouchScreen=false, version=63.0.3239.132, platform=MAC, browserConnectionEnabled=false, nativeEvents=true, acceptSslCerts=true, locationContextEnabled=true, webStorageEnabled=true, browserName=chrome, takesScreenshot=true, javascriptEnabled=true, cssSelectorsEnabled=true, setWindowRect=true, unexpectedAlertBehaviour=}]&#10;Session ID: b47d7bc4d9c3245476e7377a839c75f0" type="org.openqa.selenium.WebDriverException">unknown error: Element &lt;button id="navbar-submit-button" class="primary btn" type="submit"&gt;...&lt;/button&gt; is not clickable at point (789, 38). Other element would receive the click: &lt;div class="video-player__header-internal" data-reactid=".1.1.0.0.0.0.0.$=1$header.0"&gt;...&lt;/div&gt;
  (Session info: chrome=63.0.3239.132)
  (Driver info: chromedriver=2.33.506106 (8a06c39c4582fbfbab6966dbb1c38a9173bfb1a2),platform=Mac OS X 10.13.2 x86_64) (WARNING: The server did not provide any stacktrace information)
Command duration or timeout: 25 milliseconds
Build info: version: '2.46.0', revision: '61506a4624b13675f24581e453592342b7485d71', time: '2015-06-04 10:22:50'
System info: host: 'inarpits.local', ip: '192.168.1.2', os.name: 'Mac OS X', os.arch: 'x86_64', os.version: '10.13.2', java.version: '1.8.0_131'
Driver info: org.openqa.selenium.chrome.ChromeDriver
Capabilities [{applicationCacheEnabled=false, rotatable=false, mobileEmulationEnabled=false, networkConnectionEnabled=false, chrome={chromedriverVersion=2.33.506106 (8a06c39c4582fbfbab6966dbb1c38a9173bfb1a2), userDataDir=/var/folders/gx/h7w3x5k10f3bd79nq3mxtpsh0000gp/T/.org.chromium.Chromium.VG7lY1}, takesHeapSnapshot=true, pageLoadStrategy=normal, databaseEnabled=false, handlesAlerts=true, hasTouchScreen=false, version=63.0.3239.132, platform=MAC, browserConnectionEnabled=false, nativeEvents=true, acceptSslCerts=true, locationContextEnabled=true, webStorageEnabled=true, browserName=chrome, takesScreenshot=true, javascriptEnabled=true, cssSelectorsEnabled=true, setWindowRect=true, unexpectedAlertBehaviour=}]
Session ID: b47d7bc4d9c3245476e7377a839c75f0</error><system-err>unknown error: Element &lt;button id="navbar-submit-button" class="primary btn" type="submit"&gt;...&lt;/button&gt; is not clickable at point (789, 38). Other element would receive the click: &lt;div class="video-player__header-internal" data-reactid=".1.1.0.0.0.0.0.$=1$header.0"&gt;...&lt;/div&gt;
  (Session info: chrome=63.0.3239.132)
  (Driver info: chromedriver=2.33.506106 (8a06c39c4582fbfbab6966dbb1c38a9173bfb1a2),platform=Mac OS X 10.13.2 x86_64) (WARNING: The server did not provide any stacktrace information)
Command duration or timeout: 25 milliseconds
Build info: version: '2.46.0', revision: '61506a4624b13675f24581e453592342b7485d71', time: '2015-06-04 10:22:50'
System info: host: 'inarpits.local', ip: '192.168.1.2', os.name: 'Mac OS X', os.arch: 'x86_64', os.version: '10.13.2', java.version: '1.8.0_131'
Driver info: org.openqa.selenium.chrome.ChromeDriver
Capabilities [{applicationCacheEnabled=false, rotatable=false, mobileEmulationEnabled=false, networkConnectionEnabled=false, chrome={chromedriverVersion=2.33.506106 (8a06c39c4582fbfbab6966dbb1c38a9173bfb1a2), userDataDir=/var/folders/gx/h7w3x5k10f3bd79nq3mxtpsh0000gp/T/.org.chromium.Chromium.VG7lY1}, takesHeapSnapshot=true, pageLoadStrategy=normal, databaseEnabled=false, handlesAlerts=true, hasTouchScreen=false, version=63.0.3239.132, platform=MAC, browserConnectionEnabled=false, nativeEvents=true, acceptSslCerts=true, locationContextEnabled=true, webStorageEnabled=true, browserName=chrome, takesScreenshot=true, javascriptEnabled=true, cssSelectorsEnabled=true, setWindowRect=true, unexpectedAlertBehaviour=}]
Session ID: b47d7bc4d9c3245476e7377a839c75f0
pages.ImdbHomePage.click_search_button(ImdbHomePage.java:39)
steps.SearchContentSteps.clickSearchButton(SearchContentSteps.java:34)
com.seneity.assignment.SearchSteps.iClickSearchButton(SearchSteps.java:38)
</system-err></testcase><testcase name="Validate director name displayed on program details page"/><testcase name="Registration in IMDb website"><error message="Timed out after 5 seconds waiting for net.serenitybdd.core.pages.WebElementFacadeImpl$1@e52363e&#10;Build info: version: '2.46.0', revision: '61506a4624b13675f24581e453592342b7485d71', time: '2015-06-04 10:22:50'&#10;System info: host: 'inarpits.local', ip: '192.168.1.2', os.name: 'Mac OS X', os.arch: 'x86_64', os.version: '10.13.2', java.version: '1.8.0_131'&#10;Driver info: driver.version: unknown" type="org.openqa.selenium.TimeoutException">Timed out after 5 seconds waiting for net.serenitybdd.core.pages.WebElementFacadeImpl$1@e52363e
Build info: version: '2.46.0', revision: '61506a4624b13675f24581e453592342b7485d71', time: '2015-06-04 10:22:50'
System info: host: 'inarpits.local', ip: '192.168.1.2', os.name: 'Mac OS X', os.arch: 'x86_64', os.version: '10.13.2', java.version: '1.8.0_131'
Driver info: driver.version: unknown</error><system-err>Timed out after 5 seconds waiting for net.serenitybdd.core.pages.WebElementFacadeImpl$1@e52363e
Build info: version: '2.46.0', revision: '61506a4624b13675f24581e453592342b7485d71', time: '2015-06-04 10:22:50'
System info: host: 'inarpits.local', ip: '192.168.1.2', os.name: 'Mac OS X', os.arch: 'x86_64', os.version: '10.13.2', java.version: '1.8.0_131'
Driver info: driver.version: unknown
pages.ImdbHomePage.log_out_of_application(ImdbHomePage.java:59)
steps.CreateAccountSteps.logOutOfApplication(CreateAccountSteps.java:64)
com.seneity.assignment.UserRegistrationSteps.iLogOutOfTheApplication(UserRegistrationSteps.java:70)
</system-err></testcase></testsuite>